<?xml version="1.0" encoding="UTF-8"?>
<testsuite xmlns:xsi="http://www.w3.org/2001/XMLSchema-instance" xsi:noNamespaceSchemaLocation="https://maven.apache.org/surefire/maven-surefire-plugin/xsd/surefire-test-report.xsd" name="com.vocaloid.HatsunekaitoApplicationTests" time="4.51" tests="1" errors="0" skipped="0" failures="0">
  <properties>
    <property name="sun.desktop" value="windows"/>
    <property name="awt.toolkit" value="sun.awt.windows.WToolkit"/>
    <property name="file.encoding.pkg" value="sun.io"/>
    <property name="java.specification.version" value="1.8"/>
    <property name="sun.cpu.isalist" value="amd64"/>
    <property name="sun.jnu.encoding" value="GBK"/>
    <property name="java.class.path" value="D:\work\Idea14\kaitoSpringBoot\target\test-classes;D:\work\Idea14\kaitoSpringBoot\target\classes;D:\work\apache-maven-3.3.9\path\to\local\repo\org\springframework\boot\spring-boot-starter-web\2.1.2.RELEASE\spring-boot-starter-web-2.1.2.RELEASE.jar;D:\work\apache-maven-3.3.9\path\to\local\repo\org\springframework\boot\spring-boot-starter\2.1.2.RELEASE\spring-boot-starter-2.1.2.RELEASE.jar;D:\work\apache-maven-3.3.9\path\to\local\repo\org\springframework\boot\spring-boot\2.1.2.RELEASE\spring-boot-2.1.2.RELEASE.jar;D:\work\apache-maven-3.3.9\path\to\local\repo\org\springframework\boot\spring-boot-autoconfigure\2.1.2.RELEASE\spring-boot-autoconfigure-2.1.2.RELEASE.jar;D:\work\apache-maven-3.3.9\path\to\local\repo\org\springframework\boot\spring-boot-starter-logging\2.1.2.RELEASE\spring-boot-starter-logging-2.1.2.RELEASE.jar;D:\work\apache-maven-3.3.9\path\to\local\repo\ch\qos\logback\logback-classic\1.2.3\logback-classic-1.2.3.jar;D:\work\apache-maven-3.3.9\path\to\local\repo\ch\qos\logback\logback-core\1.2.3\logback-core-1.2.3.jar;D:\work\apache-maven-3.3.9\path\to\local\repo\org\apache\logging\log4j\log4j-to-slf4j\2.11.1\log4j-to-slf4j-2.11.1.jar;D:\work\apache-maven-3.3.9\path\to\local\repo\org\apache\logging\log4j\log4j-api\2.11.1\log4j-api-2.11.1.jar;D:\work\apache-maven-3.3.9\path\to\local\repo\org\slf4j\jul-to-slf4j\1.7.25\jul-to-slf4j-1.7.25.jar;D:\work\apache-maven-3.3.9\path\to\local\repo\javax\annotation\javax.annotation-api\1.3.2\javax.annotation-api-1.3.2.jar;D:\work\apache-maven-3.3.9\path\to\local\repo\org\yaml\snakeyaml\1.23\snakeyaml-1.23.jar;D:\work\apache-maven-3.3.9\path\to\local\repo\org\springframework\boot\spring-boot-starter-json\2.1.2.RELEASE\spring-boot-starter-json-2.1.2.RELEASE.jar;D:\work\apache-maven-3.3.9\path\to\local\repo\com\fasterxml\jackson\core\jackson-databind\2.9.8\jackson-databind-2.9.8.jar;D:\work\apache-maven-3.3.9\path\to\local\repo\com\fasterxml\jackson\core\jackson-annotations\2.9.0\jackson-annotations-2.9.0.jar;D:\work\apache-maven-3.3.9\path\to\local\repo\com\fasterxml\jackson\core\jackson-core\2.9.8\jackson-core-2.9.8.jar;D:\work\apache-maven-3.3.9\path\to\local\repo\com\fasterxml\jackson\datatype\jackson-datatype-jdk8\2.9.8\jackson-datatype-jdk8-2.9.8.jar;D:\work\apache-maven-3.3.9\path\to\local\repo\com\fasterxml\jackson\datatype\jackson-datatype-jsr310\2.9.8\jackson-datatype-jsr310-2.9.8.jar;D:\work\apache-maven-3.3.9\path\to\local\repo\com\fasterxml\jackson\module\jackson-module-parameter-names\2.9.8\jackson-module-parameter-names-2.9.8.jar;D:\work\apache-maven-3.3.9\path\to\local\repo\org\springframework\boot\spring-boot-starter-tomcat\2.1.2.RELEASE\spring-boot-starter-tomcat-2.1.2.RELEASE.jar;D:\work\apache-maven-3.3.9\path\to\local\repo\org\apache\tomcat\embed\tomcat-embed-core\9.0.14\tomcat-embed-core-9.0.14.jar;D:\work\apache-maven-3.3.9\path\to\local\repo\org\apache\tomcat\embed\tomcat-embed-el\9.0.14\tomcat-embed-el-9.0.14.jar;D:\work\apache-maven-3.3.9\path\to\local\repo\org\apache\tomcat\embed\tomcat-embed-websocket\9.0.14\tomcat-embed-websocket-9.0.14.jar;D:\work\apache-maven-3.3.9\path\to\local\repo\org\hibernate\validator\hibernate-validator\6.0.14.Final\hibernate-validator-6.0.14.Final.jar;D:\work\apache-maven-3.3.9\path\to\local\repo\javax\validation\validation-api\2.0.1.Final\validation-api-2.0.1.Final.jar;D:\work\apache-maven-3.3.9\path\to\local\repo\org\jboss\logging\jboss-logging\3.3.2.Final\jboss-logging-3.3.2.Final.jar;D:\work\apache-maven-3.3.9\path\to\local\repo\com\fasterxml\classmate\1.4.0\classmate-1.4.0.jar;D:\work\apache-maven-3.3.9\path\to\local\repo\org\springframework\spring-web\5.1.4.RELEASE\spring-web-5.1.4.RELEASE.jar;D:\work\apache-maven-3.3.9\path\to\local\repo\org\springframework\spring-beans\5.1.4.RELEASE\spring-beans-5.1.4.RELEASE.jar;D:\work\apache-maven-3.3.9\path\to\local\repo\org\springframework\spring-webmvc\5.1.4.RELEASE\spring-webmvc-5.1.4.RELEASE.jar;D:\work\apache-maven-3.3.9\path\to\local\repo\org\springframework\spring-aop\5.1.4.RELEASE\spring-aop-5.1.4.RELEASE.jar;D:\work\apache-maven-3.3.9\path\to\local\repo\org\springframework\spring-context\5.1.4.RELEASE\spring-context-5.1.4.RELEASE.jar;D:\work\apache-maven-3.3.9\path\to\local\repo\org\springframework\spring-expression\5.1.4.RELEASE\spring-expression-5.1.4.RELEASE.jar;D:\work\apache-maven-3.3.9\path\to\local\repo\org\springframework\boot\spring-boot-starter-test\2.1.2.RELEASE\spring-boot-starter-test-2.1.2.RELEASE.jar;D:\work\apache-maven-3.3.9\path\to\local\repo\org\springframework\boot\spring-boot-test\2.1.2.RELEASE\spring-boot-test-2.1.2.RELEASE.jar;D:\work\apache-maven-3.3.9\path\to\local\repo\org\springframework\boot\spring-boot-test-autoconfigure\2.1.2.RELEASE\spring-boot-test-autoconfigure-2.1.2.RELEASE.jar;D:\work\apache-maven-3.3.9\path\to\local\repo\com\jayway\jsonpath\json-path\2.4.0\json-path-2.4.0.jar;D:\work\apache-maven-3.3.9\path\to\local\repo\net\minidev\json-smart\2.3\json-smart-2.3.jar;D:\work\apache-maven-3.3.9\path\to\local\repo\net\minidev\accessors-smart\1.2\accessors-smart-1.2.jar;D:\work\apache-maven-3.3.9\path\to\local\repo\org\ow2\asm\asm\5.0.4\asm-5.0.4.jar;D:\work\apache-maven-3.3.9\path\to\local\repo\org\slf4j\slf4j-api\1.7.25\slf4j-api-1.7.25.jar;D:\work\apache-maven-3.3.9\path\to\local\repo\junit\junit\4.12\junit-4.12.jar;D:\work\apache-maven-3.3.9\path\to\local\repo\org\assertj\assertj-core\3.11.1\assertj-core-3.11.1.jar;D:\work\apache-maven-3.3.9\path\to\local\repo\org\mockito\mockito-core\2.23.4\mockito-core-2.23.4.jar;D:\work\apache-maven-3.3.9\path\to\local\repo\net\bytebuddy\byte-buddy\1.9.7\byte-buddy-1.9.7.jar;D:\work\apache-maven-3.3.9\path\to\local\repo\net\bytebuddy\byte-buddy-agent\1.9.7\byte-buddy-agent-1.9.7.jar;D:\work\apache-maven-3.3.9\path\to\local\repo\org\objenesis\objenesis\2.6\objenesis-2.6.jar;D:\work\apache-maven-3.3.9\path\to\local\repo\org\hamcrest\hamcrest-core\1.3\hamcrest-core-1.3.jar;D:\work\apache-maven-3.3.9\path\to\local\repo\org\hamcrest\hamcrest-library\1.3\hamcrest-library-1.3.jar;D:\work\apache-maven-3.3.9\path\to\local\repo\org\skyscreamer\jsonassert\1.5.0\jsonassert-1.5.0.jar;D:\work\apache-maven-3.3.9\path\to\local\repo\com\vaadin\external\google\android-json\0.0.20131108.vaadin1\android-json-0.0.20131108.vaadin1.jar;D:\work\apache-maven-3.3.9\path\to\local\repo\org\springframework\spring-core\5.1.4.RELEASE\spring-core-5.1.4.RELEASE.jar;D:\work\apache-maven-3.3.9\path\to\local\repo\org\springframework\spring-jcl\5.1.4.RELEASE\spring-jcl-5.1.4.RELEASE.jar;D:\work\apache-maven-3.3.9\path\to\local\repo\org\springframework\spring-test\5.1.4.RELEASE\spring-test-5.1.4.RELEASE.jar;D:\work\apache-maven-3.3.9\path\to\local\repo\org\xmlunit\xmlunit-core\2.6.2\xmlunit-core-2.6.2.jar;D:\work\apache-maven-3.3.9\path\to\local\repo\org\springframework\boot\spring-boot-configuration-processor\2.1.2.RELEASE\spring-boot-configuration-processor-2.1.2.RELEASE.jar;"/>
    <property name="java.vm.vendor" value="Oracle Corporation"/>
    <property name="sun.arch.data.model" value="64"/>
    <property name="user.variant" value=""/>
    <property name="java.vendor.url" value="http://java.oracle.com/"/>
    <property name="user.timezone" value="Asia/Shanghai"/>
    <property name="java.vm.specification.version" value="1.8"/>
    <property name="os.name" value="Windows 10"/>
    <property name="user.country" value="CN"/>
    <property name="sun.java.launcher" value="SUN_STANDARD"/>
    <property name="sun.boot.library.path" value="C:\Program Files\Java\jdk1.8\jre\bin"/>
    <property name="sun.java.command" value="C:\Users\HATSUN~1\AppData\Local\Temp\surefire5929192019290460885\surefirebooter4755121648627537906.jar C:\Users\HatsuneKaito\AppData\Local\Temp\surefire5929192019290460885 2019-02-14T18-42-32_309-jvmRun1 surefire8318271621922443123tmp surefire_01944733527141831402tmp"/>
    <property name="surefire.test.class.path" value="D:\work\Idea14\kaitoSpringBoot\target\test-classes;D:\work\Idea14\kaitoSpringBoot\target\classes;D:\work\apache-maven-3.3.9\path\to\local\repo\org\springframework\boot\spring-boot-starter-web\2.1.2.RELEASE\spring-boot-starter-web-2.1.2.RELEASE.jar;D:\work\apache-maven-3.3.9\path\to\local\repo\org\springframework\boot\spring-boot-starter\2.1.2.RELEASE\spring-boot-starter-2.1.2.RELEASE.jar;D:\work\apache-maven-3.3.9\path\to\local\repo\org\springframework\boot\spring-boot\2.1.2.RELEASE\spring-boot-2.1.2.RELEASE.jar;D:\work\apache-maven-3.3.9\path\to\local\repo\org\springframework\boot\spring-boot-autoconfigure\2.1.2.RELEASE\spring-boot-autoconfigure-2.1.2.RELEASE.jar;D:\work\apache-maven-3.3.9\path\to\local\repo\org\springframework\boot\spring-boot-starter-logging\2.1.2.RELEASE\spring-boot-starter-logging-2.1.2.RELEASE.jar;D:\work\apache-maven-3.3.9\path\to\local\repo\ch\qos\logback\logback-classic\1.2.3\logback-classic-1.2.3.jar;D:\work\apache-maven-3.3.9\path\to\local\repo\ch\qos\logback\logback-core\1.2.3\logback-core-1.2.3.jar;D:\work\apache-maven-3.3.9\path\to\local\repo\org\apache\logging\log4j\log4j-to-slf4j\2.11.1\log4j-to-slf4j-2.11.1.jar;D:\work\apache-maven-3.3.9\path\to\local\repo\org\apache\logging\log4j\log4j-api\2.11.1\log4j-api-2.11.1.jar;D:\work\apache-maven-3.3.9\path\to\local\repo\org\slf4j\jul-to-slf4j\1.7.25\jul-to-slf4j-1.7.25.jar;D:\work\apache-maven-3.3.9\path\to\local\repo\javax\annotation\javax.annotation-api\1.3.2\javax.annotation-api-1.3.2.jar;D:\work\apache-maven-3.3.9\path\to\local\repo\org\yaml\snakeyaml\1.23\snakeyaml-1.23.jar;D:\work\apache-maven-3.3.9\path\to\local\repo\org\springframework\boot\spring-boot-starter-json\2.1.2.RELEASE\spring-boot-starter-json-2.1.2.RELEASE.jar;D:\work\apache-maven-3.3.9\path\to\local\repo\com\fasterxml\jackson\core\jackson-databind\2.9.8\jackson-databind-2.9.8.jar;D:\work\apache-maven-3.3.9\path\to\local\repo\com\fasterxml\jackson\core\jackson-annotations\2.9.0\jackson-annotations-2.9.0.jar;D:\work\apache-maven-3.3.9\path\to\local\repo\com\fasterxml\jackson\core\jackson-core\2.9.8\jackson-core-2.9.8.jar;D:\work\apache-maven-3.3.9\path\to\local\repo\com\fasterxml\jackson\datatype\jackson-datatype-jdk8\2.9.8\jackson-datatype-jdk8-2.9.8.jar;D:\work\apache-maven-3.3.9\path\to\local\repo\com\fasterxml\jackson\datatype\jackson-datatype-jsr310\2.9.8\jackson-datatype-jsr310-2.9.8.jar;D:\work\apache-maven-3.3.9\path\to\local\repo\com\fasterxml\jackson\module\jackson-module-parameter-names\2.9.8\jackson-module-parameter-names-2.9.8.jar;D:\work\apache-maven-3.3.9\path\to\local\repo\org\springframework\boot\spring-boot-starter-tomcat\2.1.2.RELEASE\spring-boot-starter-tomcat-2.1.2.RELEASE.jar;D:\work\apache-maven-3.3.9\path\to\local\repo\org\apache\tomcat\embed\tomcat-embed-core\9.0.14\tomcat-embed-core-9.0.14.jar;D:\work\apache-maven-3.3.9\path\to\local\repo\org\apache\tomcat\embed\tomcat-embed-el\9.0.14\tomcat-embed-el-9.0.14.jar;D:\work\apache-maven-3.3.9\path\to\local\repo\org\apache\tomcat\embed\tomcat-embed-websocket\9.0.14\tomcat-embed-websocket-9.0.14.jar;D:\work\apache-maven-3.3.9\path\to\local\repo\org\hibernate\validator\hibernate-validator\6.0.14.Final\hibernate-validator-6.0.14.Final.jar;D:\work\apache-maven-3.3.9\path\to\local\repo\javax\validation\validation-api\2.0.1.Final\validation-api-2.0.1.Final.jar;D:\work\apache-maven-3.3.9\path\to\local\repo\org\jboss\logging\jboss-logging\3.3.2.Final\jboss-logging-3.3.2.Final.jar;D:\work\apache-maven-3.3.9\path\to\local\repo\com\fasterxml\classmate\1.4.0\classmate-1.4.0.jar;D:\work\apache-maven-3.3.9\path\to\local\repo\org\springframework\spring-web\5.1.4.RELEASE\spring-web-5.1.4.RELEASE.jar;D:\work\apache-maven-3.3.9\path\to\local\repo\org\springframework\spring-beans\5.1.4.RELEASE\spring-beans-5.1.4.RELEASE.jar;D:\work\apache-maven-3.3.9\path\to\local\repo\org\springframework\spring-webmvc\5.1.4.RELEASE\spring-webmvc-5.1.4.RELEASE.jar;D:\work\apache-maven-3.3.9\path\to\local\repo\org\springframework\spring-aop\5.1.4.RELEASE\spring-aop-5.1.4.RELEASE.jar;D:\work\apache-maven-3.3.9\path\to\local\repo\org\springframework\spring-context\5.1.4.RELEASE\spring-context-5.1.4.RELEASE.jar;D:\work\apache-maven-3.3.9\path\to\local\repo\org\springframework\spring-expression\5.1.4.RELEASE\spring-expression-5.1.4.RELEASE.jar;D:\work\apache-maven-3.3.9\path\to\local\repo\org\springframework\boot\spring-boot-starter-test\2.1.2.RELEASE\spring-boot-starter-test-2.1.2.RELEASE.jar;D:\work\apache-maven-3.3.9\path\to\local\repo\org\springframework\boot\spring-boot-test\2.1.2.RELEASE\spring-boot-test-2.1.2.RELEASE.jar;D:\work\apache-maven-3.3.9\path\to\local\repo\org\springframework\boot\spring-boot-test-autoconfigure\2.1.2.RELEASE\spring-boot-test-autoconfigure-2.1.2.RELEASE.jar;D:\work\apache-maven-3.3.9\path\to\local\repo\com\jayway\jsonpath\json-path\2.4.0\json-path-2.4.0.jar;D:\work\apache-maven-3.3.9\path\to\local\repo\net\minidev\json-smart\2.3\json-smart-2.3.jar;D:\work\apache-maven-3.3.9\path\to\local\repo\net\minidev\accessors-smart\1.2\accessors-smart-1.2.jar;D:\work\apache-maven-3.3.9\path\to\local\repo\org\ow2\asm\asm\5.0.4\asm-5.0.4.jar;D:\work\apache-maven-3.3.9\path\to\local\repo\org\slf4j\slf4j-api\1.7.25\slf4j-api-1.7.25.jar;D:\work\apache-maven-3.3.9\path\to\local\repo\junit\junit\4.12\junit-4.12.jar;D:\work\apache-maven-3.3.9\path\to\local\repo\org\assertj\assertj-core\3.11.1\assertj-core-3.11.1.jar;D:\work\apache-maven-3.3.9\path\to\local\repo\org\mockito\mockito-core\2.23.4\mockito-core-2.23.4.jar;D:\work\apache-maven-3.3.9\path\to\local\repo\net\bytebuddy\byte-buddy\1.9.7\byte-buddy-1.9.7.jar;D:\work\apache-maven-3.3.9\path\to\local\repo\net\bytebuddy\byte-buddy-agent\1.9.7\byte-buddy-agent-1.9.7.jar;D:\work\apache-maven-3.3.9\path\to\local\repo\org\objenesis\objenesis\2.6\objenesis-2.6.jar;D:\work\apache-maven-3.3.9\path\to\local\repo\org\hamcrest\hamcrest-core\1.3\hamcrest-core-1.3.jar;D:\work\apache-maven-3.3.9\path\to\local\repo\org\hamcrest\hamcrest-library\1.3\hamcrest-library-1.3.jar;D:\work\apache-maven-3.3.9\path\to\local\repo\org\skyscreamer\jsonassert\1.5.0\jsonassert-1.5.0.jar;D:\work\apache-maven-3.3.9\path\to\local\repo\com\vaadin\external\google\android-json\0.0.20131108.vaadin1\android-json-0.0.20131108.vaadin1.jar;D:\work\apache-maven-3.3.9\path\to\local\repo\org\springframework\spring-core\5.1.4.RELEASE\spring-core-5.1.4.RELEASE.jar;D:\work\apache-maven-3.3.9\path\to\local\repo\org\springframework\spring-jcl\5.1.4.RELEASE\spring-jcl-5.1.4.RELEASE.jar;D:\work\apache-maven-3.3.9\path\to\local\repo\org\springframework\spring-test\5.1.4.RELEASE\spring-test-5.1.4.RELEASE.jar;D:\work\apache-maven-3.3.9\path\to\local\repo\org\xmlunit\xmlunit-core\2.6.2\xmlunit-core-2.6.2.jar;D:\work\apache-maven-3.3.9\path\to\local\repo\org\springframework\boot\spring-boot-configuration-processor\2.1.2.RELEASE\spring-boot-configuration-processor-2.1.2.RELEASE.jar;"/>
    <property name="sun.cpu.endian" value="little"/>
    <property name="user.home" value="C:\Users\HatsuneKaito"/>
    <property name="user.language" value="zh"/>
    <property name="java.specification.vendor" value="Oracle Corporation"/>
    <property name="java.home" value="C:\Program Files\Java\jdk1.8\jre"/>
    <property name="basedir" value="D:\work\Idea14\kaitoSpringBoot"/>
    <property name="file.separator" value="\"/>
    <property name="line.separator" value="&#10;"/>
    <property name="java.vm.specification.vendor" value="Oracle Corporation"/>
    <property name="java.specification.name" value="Java Platform API Specification"/>
    <property name="java.awt.graphicsenv" value="sun.awt.Win32GraphicsEnvironment"/>
    <property name="surefire.real.class.path" value="C:\Users\HATSUN~1\AppData\Local\Temp\surefire5929192019290460885\surefirebooter4755121648627537906.jar"/>
    <property name="sun.boot.class.path" value="C:\Program Files\Java\jdk1.8\jre\lib\resources.jar;C:\Program Files\Java\jdk1.8\jre\lib\rt.jar;C:\Program Files\Java\jdk1.8\jre\lib\sunrsasign.jar;C:\Program Files\Java\jdk1.8\jre\lib\jsse.jar;C:\Program Files\Java\jdk1.8\jre\lib\jce.jar;C:\Program Files\Java\jdk1.8\jre\lib\charsets.jar;C:\Program Files\Java\jdk1.8\jre\lib\jfr.jar;C:\Program Files\Java\jdk1.8\jre\classes"/>
    <property name="user.script" value=""/>
    <property name="sun.management.compiler" value="HotSpot 64-Bit Tiered Compilers"/>
    <property name="java.runtime.version" value="1.8.0_144-b01"/>
    <property name="user.name" value="HatsuneKaito"/>
    <property name="path.separator" value=";"/>
    <property name="os.version" value="10.0"/>
    <property name="java.endorsed.dirs" value="C:\Program Files\Java\jdk1.8\jre\lib\endorsed"/>
    <property name="java.runtime.name" value="Java(TM) SE Runtime Environment"/>
    <property name="file.encoding" value="GBK"/>
    <property name="java.vm.name" value="Java HotSpot(TM) 64-Bit Server VM"/>
    <property name="localRepository" value="D:\work\apache-maven-3.3.9\path\to\local\repo"/>
    <property name="java.vendor.url.bug" value="http://bugreport.sun.com/bugreport/"/>
    <property name="java.io.tmpdir" value="C:\Users\HATSUN~1\AppData\Local\Temp\"/>
    <property name="idea.version" value="2017.1.2"/>
    <property name="java.version" value="1.8.0_144"/>
    <property name="user.dir" value="D:\work\Idea14\kaitoSpringBoot"/>
    <property name="os.arch" value="amd64"/>
    <property name="java.vm.specification.name" value="Java Virtual Machine Specification"/>
    <property name="java.awt.printerjob" value="sun.awt.windows.WPrinterJob"/>
    <property name="sun.os.patch.level" value=""/>
    <property name="java.library.path" value="C:\Program Files\Java\jdk1.8\jre\bin;C:\WINDOWS\Sun\Java\bin;C:\WINDOWS\system32;C:\WINDOWS;C:\Program Files (x86)\Common Files\Oracle\Java\javapath;D:\python\Scripts\;D:\python\;C:\Program Files (x86)\Java\jdk1.7.0_80\/bin;C:\Program Files (x86)\Java\jdk1.7.0_80\/jre/bin;D:\Oracle\OracleClient9i\ora90\bin;C:\ProgramData\Oracle\Java\javapath;C:\Windows\system32;C:\Windows;C:\Windows\System32\Wbem;C:\Windows\System32\WindowsPowerShell\v1.0\;D:\TortoiseSVN\bin;C:\WINDOWS\system32;C:\WINDOWS;C:\WINDOWS\System32\Wbem;C:\WINDOWS\System32\WindowsPowerShell\v1.0\;C:\Program Files (x86)\WinSCP\;D:\work\apache-maven-3.3.9/bin;C:\Program Files\nodejs\;D:\work\apache-cxf-2.7.5/bin;C:\WINDOWS\System32\OpenSSH\;D:\work\Spring Boot CLI-2.1.1.RELEASE\bin;C:\Users\HatsuneKaito\AppData\Local\Microsoft\WindowsApps;C:\Users\HatsuneKaito\AppData\Roaming\npm;;."/>
    <property name="java.vm.info" value="mixed mode"/>
    <property name="java.vendor" value="Oracle Corporation"/>
    <property name="java.vm.version" value="25.144-b01"/>
    <property name="java.ext.dirs" value="C:\Program Files\Java\jdk1.8\jre\lib\ext;C:\WINDOWS\Sun\Java\lib\ext"/>
    <property name="sun.io.unicode.encoding" value="UnicodeLittle"/>
    <property name="java.class.version" value="52.0"/>
  </properties>
  <testcase name="contextLoads" classname="com.vocaloid.HatsunekaitoApplicationTests" time="0.2"/>
</testsuite>